2021-07-15 07:58:10.584  INFO 11788 --- [restartedMain] com.example.group.GroupApplication       : No active profile set, falling back to default profiles: default
2021-07-15 07:58:11.732  INFO 11788 --- [restartedMain] .s.d.r.c.RepositoryConfigurationDelegate : Bootstrapping Spring Data JPA repositories in DEFAULT mode.
2021-07-15 07:58:11.764  INFO 11788 --- [restartedMain] .s.d.r.c.RepositoryConfigurationDelegate : Finished Spring Data repository scanning in 18ms. Found 0 JPA repository interfaces.
2021-07-15 07:58:12.136  INFO 11788 --- [restartedMain] o.s.cloud.context.scope.GenericScope     : BeanFactory id=73f6c58a-dcdf-358a-8d78-d8ff2d01c337
2021-07-15 07:58:12.775  INFO 11788 --- [restartedMain] o.s.b.w.embedded.tomcat.TomcatWebServer  : Tomcat initialized with port(s): 8080 (http)
2021-07-15 07:58:12.787  INFO 11788 --- [restartedMain] o.apache.catalina.core.StandardService   : Starting service [Tomcat]
2021-07-15 07:58:12.787  INFO 11788 --- [restartedMain] org.apache.catalina.core.StandardEngine  : Starting Servlet engine: [Apache Tomcat/9.0.41]
2021-07-15 07:58:12.787  INFO 11788 --- [restartedMain] o.a.catalina.core.AprLifecycleListener   : Loaded Apache Tomcat Native library [1.2.30] using APR version [1.7.0].
2021-07-15 07:58:12.787  INFO 11788 --- [restartedMain] o.a.catalina.core.AprLifecycleListener   : APR capabilities: IPv6 [true], sendfile [true], accept filters [false], random [true].
2021-07-15 07:58:12.787  INFO 11788 --- [restartedMain] o.a.catalina.core.AprLifecycleListener   : APR/OpenSSL configuration: useAprConnector [false], useOpenSSL [true]
2021-07-15 07:58:12.795  INFO 11788 --- [restartedMain] o.a.catalina.core.AprLifecycleListener   : OpenSSL successfully initialized [OpenSSL 1.1.1k  25 Mar 2021]
2021-07-15 07:58:12.945  INFO 11788 --- [restartedMain] o.a.c.c.C.[Tomcat].[localhost].[/]       : Initializing Spring embedded WebApplicationContext
2021-07-15 07:58:12.945  INFO 11788 --- [restartedMain] w.s.c.ServletWebServerApplicationContext : Root WebApplicationContext: initialization completed in 2314 ms
2021-07-15 07:58:13.270  INFO 11788 --- [restartedMain] com.alibaba.druid.pool.DruidDataSource   : {dataSource-1} inited
2021-07-15 07:58:14.363  INFO 11788 --- [restartedMain] o.hibernate.jpa.internal.util.LogHelper  : HHH000204: Processing PersistenceUnitInfo [name: default]
2021-07-15 07:58:14.467  INFO 11788 --- [restartedMain] org.hibernate.Version                    : HHH000412: Hibernate ORM core version 5.4.25.Final
2021-07-15 07:58:14.763  INFO 11788 --- [restartedMain] o.hibernate.annotations.common.Version   : HCANN000001: Hibernate Commons Annotations {5.1.2.Final}
2021-07-15 07:58:14.943  INFO 11788 --- [restartedMain] org.hibernate.dialect.Dialect            : HHH000400: Using dialect: org.hibernate.dialect.MySQL8Dialect
2021-07-15 07:58:15.204  INFO 11788 --- [restartedMain] o.h.e.t.j.p.i.JtaPlatformInitiator       : HHH000490: Using JtaPlatform implementation: [org.hibernate.engine.transaction.jta.platform.internal.NoJtaPlatform]
2021-07-15 07:58:15.220  INFO 11788 --- [restartedMain] j.LocalContainerEntityManagerFactoryBean : Initialized JPA EntityManagerFactory for persistence unit 'default'
2021-07-15 07:58:15.228  INFO 11788 --- [restartedMain] f.a.AutowiredAnnotationBeanPostProcessor : Autowired annotation is not supported on static fields: private static java.text.SimpleDateFormat com.example.group.Controller.TouristController.sdf
2021-07-15 07:58:15.517  WARN 11788 --- [restartedMain] c.n.c.sources.URLConfigurationSource     : No URLs will be polled as dynamic configuration sources.
2021-07-15 07:58:15.517  INFO 11788 --- [restartedMain] c.n.c.sources.URLConfigurationSource     : To enable URLs as dynamic configuration sources, define System property archaius.configurationSource.additionalUrls or make config.properties available on classpath.
2021-07-15 07:58:15.517  WARN 11788 --- [restartedMain] c.n.c.sources.URLConfigurationSource     : No URLs will be polled as dynamic configuration sources.
2021-07-15 07:58:15.517  INFO 11788 --- [restartedMain] c.n.c.sources.URLConfigurationSource     : To enable URLs as dynamic configuration sources, define System property archaius.configurationSource.additionalUrls or make config.properties available on classpath.
2021-07-15 07:58:15.584  WARN 11788 --- [restartedMain] JpaBaseConfiguration$JpaWebConfiguration : spring.jpa.open-in-view is enabled by default. Therefore, database queries may be performed during view rendering. Explicitly configure spring.jpa.open-in-view to disable this warning
2021-07-15 07:58:15.720  INFO 11788 --- [restartedMain] o.s.s.concurrent.ThreadPoolTaskExecutor  : Initializing ExecutorService 'applicationTaskExecutor'
2021-07-15 07:58:15.815  INFO 11788 --- [restartedMain] o.s.b.a.w.s.WelcomePageHandlerMapping    : Adding welcome page template: index
2021-07-15 07:58:18.228  INFO 11788 --- [restartedMain] o.s.cloud.commons.util.InetUtils         : Cannot determine local hostname
2021-07-15 07:58:18.888  INFO 11788 --- [restartedMain] o.s.b.d.a.OptionalLiveReloadServer       : LiveReload server is running on port 35729
2021-07-15 07:58:20.739  INFO 11788 --- [restartedMain] o.s.cloud.commons.util.InetUtils         : Cannot determine local hostname
2021-07-15 07:58:21.039  INFO 11788 --- [restartedMain] o.s.b.w.embedded.tomcat.TomcatWebServer  : Tomcat started on port(s): 8080 (http) with context path ''
2021-07-15 07:58:21.062  INFO 11788 --- [restartedMain] c.a.c.n.registry.NacosServiceRegistry    : nacos registry, DEFAULT_GROUP group 192.168.220.1:8080 register finished
2021-07-15 07:58:22.917  INFO 11788 --- [restartedMain] o.s.cloud.commons.util.InetUtils         : Cannot determine local hostname
2021-07-15 07:58:22.925  INFO 11788 --- [restartedMain] com.example.group.GroupApplication       : Started GroupApplication in 17.258 seconds (JVM running for 19.671)
2021-07-15 07:58:25.863  INFO 11788 --- [http-nio-8080-exec-2] o.a.c.c.C.[Tomcat].[localhost].[/]       : Initializing Spring DispatcherServlet 'dispatcherServlet'
2021-07-15 07:58:25.863  INFO 11788 --- [http-nio-8080-exec-2] o.s.web.servlet.DispatcherServlet        : Initializing Servlet 'dispatcherServlet'
2021-07-15 07:58:25.887  INFO 11788 --- [http-nio-8080-exec-2] o.s.web.servlet.DispatcherServlet        : Completed initialization in 24 ms
2021-07-15 08:03:49.897  INFO 31260 --- [restartedMain] com.example.group.GroupApplication       : No active profile set, falling back to default profiles: default
2021-07-15 08:03:50.730  INFO 31260 --- [restartedMain] .s.d.r.c.RepositoryConfigurationDelegate : Bootstrapping Spring Data JPA repositories in DEFAULT mode.
2021-07-15 08:03:50.749  INFO 31260 --- [restartedMain] .s.d.r.c.RepositoryConfigurationDelegate : Finished Spring Data repository scanning in 10ms. Found 0 JPA repository interfaces.
2021-07-15 08:03:50.990  INFO 31260 --- [restartedMain] o.s.cloud.context.scope.GenericScope     : BeanFactory id=73f6c58a-dcdf-358a-8d78-d8ff2d01c337
2021-07-15 08:03:51.468  INFO 31260 --- [restartedMain] o.s.b.w.embedded.tomcat.TomcatWebServer  : Tomcat initialized with port(s): 8080 (http)
2021-07-15 08:03:51.480  INFO 31260 --- [restartedMain] o.apache.catalina.core.StandardService   : Starting service [Tomcat]
2021-07-15 08:03:51.480  INFO 31260 --- [restartedMain] org.apache.catalina.core.StandardEngine  : Starting Servlet engine: [Apache Tomcat/9.0.41]
2021-07-15 08:03:51.483  INFO 31260 --- [restartedMain] o.a.catalina.core.AprLifecycleListener   : Loaded Apache Tomcat Native library [1.2.30] using APR version [1.7.0].
2021-07-15 08:03:51.483  INFO 31260 --- [restartedMain] o.a.catalina.core.AprLifecycleListener   : APR capabilities: IPv6 [true], sendfile [true], accept filters [false], random [true].
2021-07-15 08:03:51.484  INFO 31260 --- [restartedMain] o.a.catalina.core.AprLifecycleListener   : APR/OpenSSL configuration: useAprConnector [false], useOpenSSL [true]
2021-07-15 08:03:51.487  INFO 31260 --- [restartedMain] o.a.catalina.core.AprLifecycleListener   : OpenSSL successfully initialized [OpenSSL 1.1.1k  25 Mar 2021]
2021-07-15 08:03:51.616  INFO 31260 --- [restartedMain] o.a.c.c.C.[Tomcat].[localhost].[/]       : Initializing Spring embedded WebApplicationContext
2021-07-15 08:03:51.617  INFO 31260 --- [restartedMain] w.s.c.ServletWebServerApplicationContext : Root WebApplicationContext: initialization completed in 1702 ms
2021-07-15 08:03:51.858  INFO 31260 --- [restartedMain] com.alibaba.druid.pool.DruidDataSource   : {dataSource-1} inited
2021-07-15 08:03:53.012  INFO 31260 --- [restartedMain] o.hibernate.jpa.internal.util.LogHelper  : HHH000204: Processing PersistenceUnitInfo [name: default]
2021-07-15 08:03:53.079  INFO 31260 --- [restartedMain] org.hibernate.Version                    : HHH000412: Hibernate ORM core version 5.4.25.Final
2021-07-15 08:03:53.256  INFO 31260 --- [restartedMain] o.hibernate.annotations.common.Version   : HCANN000001: Hibernate Commons Annotations {5.1.2.Final}
2021-07-15 08:03:53.389  INFO 31260 --- [restartedMain] org.hibernate.dialect.Dialect            : HHH000400: Using dialect: org.hibernate.dialect.MySQL8Dialect
2021-07-15 08:03:53.605  INFO 31260 --- [restartedMain] o.h.e.t.j.p.i.JtaPlatformInitiator       : HHH000490: Using JtaPlatform implementation: [org.hibernate.engine.transaction.jta.platform.internal.NoJtaPlatform]
2021-07-15 08:03:53.622  INFO 31260 --- [restartedMain] j.LocalContainerEntityManagerFactoryBean : Initialized JPA EntityManagerFactory for persistence unit 'default'
2021-07-15 08:03:53.633  INFO 31260 --- [restartedMain] f.a.AutowiredAnnotationBeanPostProcessor : Autowired annotation is not supported on static fields: private static java.text.SimpleDateFormat com.example.group.Controller.TouristController.sdf
2021-07-15 08:03:53.911  WARN 31260 --- [restartedMain] c.n.c.sources.URLConfigurationSource     : No URLs will be polled as dynamic configuration sources.
2021-07-15 08:03:53.911  INFO 31260 --- [restartedMain] c.n.c.sources.URLConfigurationSource     : To enable URLs as dynamic configuration sources, define System property archaius.configurationSource.additionalUrls or make config.properties available on classpath.
2021-07-15 08:03:53.916  WARN 31260 --- [restartedMain] c.n.c.sources.URLConfigurationSource     : No URLs will be polled as dynamic configuration sources.
2021-07-15 08:03:53.916  INFO 31260 --- [restartedMain] c.n.c.sources.URLConfigurationSource     : To enable URLs as dynamic configuration sources, define System property archaius.configurationSource.additionalUrls or make config.properties available on classpath.
2021-07-15 08:03:53.977  WARN 31260 --- [restartedMain] JpaBaseConfiguration$JpaWebConfiguration : spring.jpa.open-in-view is enabled by default. Therefore, database queries may be performed during view rendering. Explicitly configure spring.jpa.open-in-view to disable this warning
2021-07-15 08:03:54.116  INFO 31260 --- [restartedMain] o.s.s.concurrent.ThreadPoolTaskExecutor  : Initializing ExecutorService 'applicationTaskExecutor'
2021-07-15 08:03:54.222  INFO 31260 --- [restartedMain] o.s.b.a.w.s.WelcomePageHandlerMapping    : Adding welcome page template: index
2021-07-15 08:03:56.279  INFO 31260 --- [restartedMain] o.s.cloud.commons.util.InetUtils         : Cannot determine local hostname
2021-07-15 08:03:57.017  INFO 31260 --- [restartedMain] o.s.b.d.a.OptionalLiveReloadServer       : LiveReload server is running on port 35729
2021-07-15 08:03:59.418  INFO 31260 --- [restartedMain] o.s.cloud.commons.util.InetUtils         : Cannot determine local hostname
2021-07-15 08:03:59.736  INFO 31260 --- [restartedMain] o.s.b.w.embedded.tomcat.TomcatWebServer  : Tomcat started on port(s): 8080 (http) with context path ''
2021-07-15 08:03:59.755  INFO 31260 --- [restartedMain] c.a.c.n.registry.NacosServiceRegistry    : nacos registry, DEFAULT_GROUP group 192.168.220.1:8080 register finished
2021-07-15 08:04:02.481  INFO 31260 --- [restartedMain] o.s.cloud.commons.util.InetUtils         : Cannot determine local hostname
2021-07-15 08:04:02.493  INFO 31260 --- [restartedMain] com.example.group.GroupApplication       : Started GroupApplication in 18.012 seconds (JVM running for 20.125)
2021-07-15 08:04:07.243  INFO 31260 --- [http-nio-8080-exec-1] o.a.c.c.C.[Tomcat].[localhost].[/]       : Initializing Spring DispatcherServlet 'dispatcherServlet'
2021-07-15 08:04:07.244  INFO 31260 --- [http-nio-8080-exec-1] o.s.web.servlet.DispatcherServlet        : Initializing Servlet 'dispatcherServlet'
2021-07-15 08:04:07.253  INFO 31260 --- [http-nio-8080-exec-1] o.s.web.servlet.DispatcherServlet        : Completed initialization in 8 ms
2021-07-15 08:06:09.484  INFO 19152 --- [restartedMain] com.example.group.GroupApplication       : No active profile set, falling back to default profiles: default
2021-07-15 08:06:10.405  INFO 19152 --- [restartedMain] .s.d.r.c.RepositoryConfigurationDelegate : Bootstrapping Spring Data JPA repositories in DEFAULT mode.
2021-07-15 08:06:10.431  INFO 19152 --- [restartedMain] .s.d.r.c.RepositoryConfigurationDelegate : Finished Spring Data repository scanning in 14ms. Found 0 JPA repository interfaces.
2021-07-15 08:06:10.690  INFO 19152 --- [restartedMain] o.s.cloud.context.scope.GenericScope     : BeanFactory id=73f6c58a-dcdf-358a-8d78-d8ff2d01c337
2021-07-15 08:06:11.174  INFO 19152 --- [restartedMain] o.s.b.w.embedded.tomcat.TomcatWebServer  : Tomcat initialized with port(s): 8080 (http)
2021-07-15 08:06:11.185  INFO 19152 --- [restartedMain] o.apache.catalina.core.StandardService   : Starting service [Tomcat]
2021-07-15 08:06:11.186  INFO 19152 --- [restartedMain] org.apache.catalina.core.StandardEngine  : Starting Servlet engine: [Apache Tomcat/9.0.41]
2021-07-15 08:06:11.189  INFO 19152 --- [restartedMain] o.a.catalina.core.AprLifecycleListener   : Loaded Apache Tomcat Native library [1.2.30] using APR version [1.7.0].
2021-07-15 08:06:11.190  INFO 19152 --- [restartedMain] o.a.catalina.core.AprLifecycleListener   : APR capabilities: IPv6 [true], sendfile [true], accept filters [false], random [true].
2021-07-15 08:06:11.190  INFO 19152 --- [restartedMain] o.a.catalina.core.AprLifecycleListener   : APR/OpenSSL configuration: useAprConnector [false], useOpenSSL [true]
2021-07-15 08:06:11.195  INFO 19152 --- [restartedMain] o.a.catalina.core.AprLifecycleListener   : OpenSSL successfully initialized [OpenSSL 1.1.1k  25 Mar 2021]
2021-07-15 08:06:11.336  INFO 19152 --- [restartedMain] o.a.c.c.C.[Tomcat].[localhost].[/]       : Initializing Spring embedded WebApplicationContext
2021-07-15 08:06:11.337  INFO 19152 --- [restartedMain] w.s.c.ServletWebServerApplicationContext : Root WebApplicationContext: initialization completed in 1835 ms
2021-07-15 08:06:11.603  INFO 19152 --- [restartedMain] com.alibaba.druid.pool.DruidDataSource   : {dataSource-1} inited
2021-07-15 08:06:12.985  INFO 19152 --- [restartedMain] o.hibernate.jpa.internal.util.LogHelper  : HHH000204: Processing PersistenceUnitInfo [name: default]
2021-07-15 08:06:13.046  INFO 19152 --- [restartedMain] org.hibernate.Version                    : HHH000412: Hibernate ORM core version 5.4.25.Final
2021-07-15 08:06:13.216  INFO 19152 --- [restartedMain] o.hibernate.annotations.common.Version   : HCANN000001: Hibernate Commons Annotations {5.1.2.Final}
2021-07-15 08:06:13.377  INFO 19152 --- [restartedMain] org.hibernate.dialect.Dialect            : HHH000400: Using dialect: org.hibernate.dialect.MySQL8Dialect
2021-07-15 08:06:13.599  INFO 19152 --- [restartedMain] o.h.e.t.j.p.i.JtaPlatformInitiator       : HHH000490: Using JtaPlatform implementation: [org.hibernate.engine.transaction.jta.platform.internal.NoJtaPlatform]
2021-07-15 08:06:13.613  INFO 19152 --- [restartedMain] j.LocalContainerEntityManagerFactoryBean : Initialized JPA EntityManagerFactory for persistence unit 'default'
2021-07-15 08:06:13.624  INFO 19152 --- [restartedMain] f.a.AutowiredAnnotationBeanPostProcessor : Autowired annotation is not supported on static fields: private static java.text.SimpleDateFormat com.example.group.Controller.TouristController.sdf
2021-07-15 08:06:13.886  WARN 19152 --- [restartedMain] c.n.c.sources.URLConfigurationSource     : No URLs will be polled as dynamic configuration sources.
2021-07-15 08:06:13.886  INFO 19152 --- [restartedMain] c.n.c.sources.URLConfigurationSource     : To enable URLs as dynamic configuration sources, define System property archaius.configurationSource.additionalUrls or make config.properties available on classpath.
2021-07-15 08:06:13.890  WARN 19152 --- [restartedMain] c.n.c.sources.URLConfigurationSource     : No URLs will be polled as dynamic configuration sources.
2021-07-15 08:06:13.891  INFO 19152 --- [restartedMain] c.n.c.sources.URLConfigurationSource     : To enable URLs as dynamic configuration sources, define System property archaius.configurationSource.additionalUrls or make config.properties available on classpath.
2021-07-15 08:06:13.946  WARN 19152 --- [restartedMain] JpaBaseConfiguration$JpaWebConfiguration : spring.jpa.open-in-view is enabled by default. Therefore, database queries may be performed during view rendering. Explicitly configure spring.jpa.open-in-view to disable this warning
2021-07-15 08:06:14.084  INFO 19152 --- [restartedMain] o.s.s.concurrent.ThreadPoolTaskExecutor  : Initializing ExecutorService 'applicationTaskExecutor'
2021-07-15 08:06:14.169  INFO 19152 --- [restartedMain] o.s.b.a.w.s.WelcomePageHandlerMapping    : Adding welcome page template: index
2021-07-15 08:06:16.277  INFO 19152 --- [restartedMain] o.s.cloud.commons.util.InetUtils         : Cannot determine local hostname
2021-07-15 08:06:16.904  INFO 19152 --- [restartedMain] o.s.b.d.a.OptionalLiveReloadServer       : LiveReload server is running on port 35729
2021-07-15 08:06:19.442  INFO 19152 --- [restartedMain] o.s.cloud.commons.util.InetUtils         : Cannot determine local hostname
2021-07-15 08:06:19.692  INFO 19152 --- [restartedMain] o.s.b.w.embedded.tomcat.TomcatWebServer  : Tomcat started on port(s): 8080 (http) with context path ''
2021-07-15 08:06:19.704  INFO 19152 --- [restartedMain] c.a.c.n.registry.NacosServiceRegistry    : nacos registry, DEFAULT_GROUP group 192.168.220.1:8080 register finished
2021-07-15 08:06:21.574  INFO 19152 --- [restartedMain] o.s.cloud.commons.util.InetUtils         : Cannot determine local hostname
2021-07-15 08:06:21.584  INFO 19152 --- [restartedMain] com.example.group.GroupApplication       : Started GroupApplication in 17.65 seconds (JVM running for 19.709)
2021-07-15 08:06:42.830  INFO 19152 --- [http-nio-8080-exec-2] o.a.c.c.C.[Tomcat].[localhost].[/]       : Initializing Spring DispatcherServlet 'dispatcherServlet'
2021-07-15 08:06:42.831  INFO 19152 --- [http-nio-8080-exec-2] o.s.web.servlet.DispatcherServlet        : Initializing Servlet 'dispatcherServlet'
2021-07-15 08:06:42.841  INFO 19152 --- [http-nio-8080-exec-2] o.s.web.servlet.DispatcherServlet        : Completed initialization in 9 ms
2021-07-15 08:08:24.996  WARN 19152 --- [http-nio-8080-exec-2] c.a.druid.pool.DruidAbstractDataSource   : discard long time none received connection. , jdbcUrl : jdbc:mysql://localhost:3306/te?useUnicode=true&characterEncoding=utf-8&serverTimezone=GMT, version : 1.2.4, lastPacketReceivedIdleMillis : 85115
2021-07-15 08:10:07.419  WARN 19152 --- [http-nio-8080-exec-9] c.a.druid.pool.DruidAbstractDataSource   : discard long time none received connection. , jdbcUrl : jdbc:mysql://localhost:3306/te?useUnicode=true&characterEncoding=utf-8&serverTimezone=GMT, version : 1.2.4, lastPacketReceivedIdleMillis : 81029
